<?xml version="1.0" encoding="UTF-8"?>
<!-- Generated by org.testng.reporters.JUnitReportReporter -->
<testsuite skipped="0" hostname="DESKTOP-VEG28H3" name="com.companyName.projectName.testCases.ReadingDataFromXlsx" tests="1" failures="0" timestamp="29 Apr 2020 22:25:43 GMT" time="0.811" errors="0">
  <testcase name="readingDataFromXlsx" time="0.811" classname="com.companyName.projectName.testCases.ReadingDataFromXlsx"/>
</testsuite> <!-- com.companyName.projectName.testCases.ReadingDataFromXlsx -->
